<?xml version="1.0" encoding="UTF-8"?>
<!-- Generated by org.testng.reporters.JUnitXMLReporter -->
<testsuite ignored="0" hostname="TYSS-Shivakumar-H-R" failures="0" tests="3" name="Default test" time="78.205" errors="0" timestamp="2024-05-16T17:06:14 IST">
  <testcase classname="com.comcast.crm.contacttest.CreateContactTest" name="createContactTest" time="13.362"/>
  <testcase classname="com.comcast.crm.contacttest.CreateContactTest" name="createContactWithDataFormatTest" time="13.634"/>
  <testcase classname="com.comcast.crm.contacttest.CreateContactTest" name="createContactWithOrg" time="27.792"/>
</testsuite> <!-- Default test -->
