<?xml version="1.0" encoding="UTF-8"?>
<!-- Generated by org.testng.reporters.JUnitXMLReporter -->
<testsuite ignored="2" hostname="TYSS-Shivakumar-H-R" failures="0" tests="1" name="Test" time="23.523" errors="0" timestamp="2024-05-16T10:53:30 IST">
  <testcase classname="com.comcast.crm.contacttest.CreateContactTest" name="createContactTest" time="13.837"/>
  <testcase classname="com.comcast.crm.contacttest.CreateContactTest" name="createContactWithOrg" time="0.0">
    <ignored/>
  </testcase> <!-- createContactWithOrg -->
  <testcase classname="com.comcast.crm.contacttest.CreateContactTest" name="createContactWithDataFormatTest" time="0.0">
    <ignored/>
  </testcase> <!-- createContactWithDataFormatTest -->
</testsuite> <!-- Test -->
